# This is a sample menu.lst file. You should make some changes to it.
# The old install method of booting via the stage-files has been removed.
# Please install GRLDR boot strap code to MBR with the bootlace.com
# utility under DOS/Win9x or Linux.

color light-gray/blue light-blue/yellow dark-gray/blue
#timeout 10
default 0

#----------------------------------------------------
title Linux Mint 17.1 Mate
set menu_lst=/Mint17.1_mate_install/menu.lst
find --set-root --ignore-floppies --ignore-cd %menu_lst%
configfile %menu_lst%

#----------------------------------------------------
title Linux Mint 17.1 Cinnamon
set menu_lst=/Mint17.1_cinnamon_install/menu.lst
find --set-root --ignore-floppies --ignore-cd %menu_lst%
configfile %menu_lst%

#----------------------------------------------------
title Linux Mint 13 Mate
set menu_lst=/Mint13_mate_install/menu.lst
find --set-root --ignore-floppies --ignore-cd %menu_lst%
configfile %menu_lst%

#----------------------------------------------------
title Ubuntu 14.04
configfile /Ubuntu1404_install/menu.lst

#----------------------------------------------------
title Ubuntu 12.04
configfile /Ubuntu1204_install/menu.lst

title ================

#----------------------------------------------------
title Windows XP
#fallback 2
find --set-root --ignore-floppies --ignore-cd /ntldr
map () (hd0)
map (hd0) ()
map --rehook
find --set-root --ignore-floppies --ignore-cd /ntldr
chainloader /ntldr
savedefault

#----------------------------------------------------
title Ubuntu 10.04
#fallback 2
find --set-root --ignore-floppies --ignore-cd /boot/grub/grub.cfg
map () (hd0)
map (hd0) ()
map --rehook
find --set-root --ignore-floppies --ignore-cd /boot/grub/grub.cfg
chainloader +1
savedefault

#----------------------------------------------------
title Windows 7
#fallback 1
find --set-root --ignore-floppies --ignore-cd /bootmgr
map () (hd0)
map (hd0) ()
map --rehook
find --set-root --ignore-floppies --ignore-cd /bootmgr
chainloader /bootmgr
savedefault

#----------------------------------------------------
title Start BackTrack FrameBuffer (1024x768)
find --set-root --ignore-floppies --ignore-cd /backtrack/bt4-r2.iso
map --mem /backtrack/bt4-r2.iso (hd32)
map --hook
root (hd32)
chainloader +1
#kernel                /backtrack/boot/vmlinuz BOOT=casper boot=casper nopersistent rw quiet vga=0x317
#initrd                /backtrack/boot/initrd.gz

#----------------------------------------------------
title ISO Sample
#fallback 4
find --set-root sysrcd.iso
map sysrcd.iso (hd32) || map --mem sysrcd.iso (hd32)
map --hook
root (hd32)
kernel /ISOLINUX/RESCUECD isoloop=dev/sda3/sysrcd.iso
initrd /ISOLINUX/INITRAM.IGZ
savedefault --wait=2

